This file contains any messages produced by compilers while
running configure, to aid debugging if configure makes a mistake.

It was created by compiz configure 0.8.6, which was
generated by GNU Autoconf 2.63.  Invocation command line was

  $ ./configure 

## --------- ##
## Platform. ##
## --------- ##

hostname = ARCHLINUX-PC
uname -m = i686
uname -r = 3.13.6-1-ck
uname -s = Linux
uname -v = #1 SMP PREEMPT Fri Mar 7 17:36:03 EST 2014

/usr/bin/uname -p = unknown
/bin/uname -X     = unknown

/bin/arch              = unknown
/usr/bin/arch -k       = unknown
/usr/convex/getsysinfo = unknown
/usr/bin/hostinfo      = unknown
/bin/machine           = unknown
/usr/bin/oslevel       = unknown
/bin/universe          = unknown

PATH: /usr/local/sbin
PATH: /usr/local/bin
PATH: /usr/bin
PATH: /opt/android-sdk/tools
PATH: /usr/bin/site_perl
PATH: /usr/bin/vendor_perl
PATH: /usr/bin/core_perl
PATH: /home/jqk/.cabal/bin/


## ----------- ##
## Core tests. ##
## ----------- ##

configure:2372: checking for a BSD-compatible install
configure:2440: result: /usr/bin/install -c
configure:2451: checking whether build environment is sane
configure:2511: result: yes
configure:2652: checking for a thread-safe mkdir -p
configure:2691: result: /usr/bin/mkdir -p
configure:2704: checking for gawk
configure:2720: found /usr/bin/gawk
configure:2731: result: gawk
configure:2742: checking whether make sets $(MAKE)
configure:2764: result: yes
configure:2849: checking whether NLS is requested
configure:2858: result: yes
configure:2874: checking for style of include used by make
configure:2902: result: GNU
configure:2972: checking for gcc
configure:2988: found /usr/bin/gcc
configure:2999: result: gcc
configure:3231: checking for C compiler version
configure:3239: gcc --version >&5
gcc (GCC) 5.1.0
Copyright (C) 2015 Free Software Foundation, Inc.
This is free software; see the source for copying conditions.  There is NO
warranty; not even for MERCHANTABILITY or FITNESS FOR A PARTICULAR PURPOSE.

configure:3243: $? = 0
configure:3250: gcc -v >&5
Using built-in specs.
COLLECT_GCC=gcc
COLLECT_LTO_WRAPPER=/usr/lib/gcc/i686-pc-linux-gnu/5.1.0/lto-wrapper
Target: i686-pc-linux-gnu
Configured with: /build/gcc/src/gcc-5-20150519/configure --prefix=/usr --libdir=/usr/lib --libexecdir=/usr/lib --mandir=/usr/share/man --infodir=/usr/share/info --with-bugurl=https://bugs.archlinux.org/ --enable-languages=c,c++,ada,fortran,go,lto,objc,obj-c++ --enable-shared --enable-threads=posix --enable-libmpx --with-system-zlib --with-isl --enable-__cxa_atexit --disable-libunwind-exceptions --enable-clocale=gnu --disable-libstdcxx-pch --disable-libssp --enable-gnu-unique-object --enable-linker-build-id --enable-lto --enable-plugin --enable-install-libiberty --with-linker-hash-style=gnu --enable-gnu-indirect-function --disable-multilib --disable-werror --enable-checking=release --with-default-libstdcxx-abi=c++98
Thread model: posix
gcc version 5.1.0 (GCC) 
configure:3254: $? = 0
configure:3261: gcc -V >&5
gcc: error: unrecognized command line option '-V'
gcc: fatal error: no input files
compilation terminated.
configure:3265: $? = 1
configure:3288: checking for C compiler default output file name
configure:3310: gcc    conftest.c  >&5
configure:3314: $? = 0
configure:3352: result: a.out
configure:3371: checking whether the C compiler works
configure:3381: ./a.out
configure:3385: $? = 0
configure:3404: result: yes
configure:3411: checking whether we are cross compiling
configure:3413: result: no
configure:3416: checking for suffix of executables
configure:3423: gcc -o conftest    conftest.c  >&5
configure:3427: $? = 0
configure:3453: result: 
configure:3459: checking for suffix of object files
configure:3485: gcc -c   conftest.c >&5
configure:3489: $? = 0
configure:3514: result: o
configure:3518: checking whether we are using the GNU C compiler
configure:3547: gcc -c   conftest.c >&5
configure:3554: $? = 0
configure:3571: result: yes
configure:3580: checking whether gcc accepts -g
configure:3610: gcc -c -g  conftest.c >&5
configure:3617: $? = 0
configure:3718: result: yes
configure:3735: checking for gcc option to accept ISO C89
configure:3809: gcc  -c -g -O2  conftest.c >&5
configure:3816: $? = 0
configure:3839: result: none needed
configure:3859: checking dependency style of gcc
configure:3969: result: gcc3
configure:3998: checking for intltool >= 0.23
configure:4005: result: 0.50.2 found
configure:4015: checking for intltool-update
configure:4033: found /usr/bin/intltool-update
configure:4045: result: /usr/bin/intltool-update
configure:4055: checking for intltool-merge
configure:4073: found /usr/bin/intltool-merge
configure:4085: result: /usr/bin/intltool-merge
configure:4095: checking for intltool-extract
configure:4113: found /usr/bin/intltool-extract
configure:4125: result: /usr/bin/intltool-extract
configure:4258: checking for xgettext
configure:4276: found /usr/bin/xgettext
configure:4288: result: /usr/bin/xgettext
configure:4298: checking for msgmerge
configure:4316: found /usr/bin/msgmerge
configure:4328: result: /usr/bin/msgmerge
configure:4338: checking for msgfmt
configure:4356: found /usr/bin/msgfmt
configure:4368: result: /usr/bin/msgfmt
configure:4378: checking for gmsgfmt
configure:4409: result: /usr/bin/msgfmt
configure:4433: checking for perl
configure:4451: found /usr/bin/perl
configure:4463: result: /usr/bin/perl
configure:4476: checking for perl >= 5.8.1
configure:4485: result: 5.20.2
configure:4489: checking for XML::Parser
configure:4492: result: ok
configure:4529: gcc -o conftest -g -O2   conftest.c  >&5
configure:4536: $? = 0
configure:4659: checking whether to enable maintainer-specific portions of Makefiles
configure:4668: result: no
configure:4688: checking for library containing strerror
configure:4729: gcc -o conftest -g -O2   conftest.c  >&5
configure:4736: $? = 0
configure:4767: result: none required
configure:4823: checking for gcc
configure:4850: result: gcc
configure:5082: checking for C compiler version
configure:5090: gcc --version >&5
gcc (GCC) 5.1.0
Copyright (C) 2015 Free Software Foundation, Inc.
This is free software; see the source for copying conditions.  There is NO
warranty; not even for MERCHANTABILITY or FITNESS FOR A PARTICULAR PURPOSE.

configure:5094: $? = 0
configure:5101: gcc -v >&5
Using built-in specs.
COLLECT_GCC=gcc
COLLECT_LTO_WRAPPER=/usr/lib/gcc/i686-pc-linux-gnu/5.1.0/lto-wrapper
Target: i686-pc-linux-gnu
Configured with: /build/gcc/src/gcc-5-20150519/configure --prefix=/usr --libdir=/usr/lib --libexecdir=/usr/lib --mandir=/usr/share/man --infodir=/usr/share/info --with-bugurl=https://bugs.archlinux.org/ --enable-languages=c,c++,ada,fortran,go,lto,objc,obj-c++ --enable-shared --enable-threads=posix --enable-libmpx --with-system-zlib --with-isl --enable-__cxa_atexit --disable-libunwind-exceptions --enable-clocale=gnu --disable-libstdcxx-pch --disable-libssp --enable-gnu-unique-object --enable-linker-build-id --enable-lto --enable-plugin --enable-install-libiberty --with-linker-hash-style=gnu --enable-gnu-indirect-function --disable-multilib --disable-werror --enable-checking=release --with-default-libstdcxx-abi=c++98
Thread model: posix
gcc version 5.1.0 (GCC) 
configure:5105: $? = 0
configure:5112: gcc -V >&5
gcc: error: unrecognized command line option '-V'
gcc: fatal error: no input files
compilation terminated.
configure:5116: $? = 1
configure:5119: checking whether we are using the GNU C compiler
configure:5172: result: yes
configure:5181: checking whether gcc accepts -g
configure:5319: result: yes
configure:5336: checking for gcc option to accept ISO C89
configure:5440: result: none needed
configure:5460: checking dependency style of gcc
configure:5570: result: gcc3
configure:5590: checking how to run the C preprocessor
configure:5630: gcc -E  conftest.c
configure:5637: $? = 0
configure:5668: gcc -E  conftest.c
conftest.c:11:28: fatal error: ac_nonexistent.h: No such file or directory
compilation terminated.
configure:5675: $? = 1
configure: failed program was:
| /* confdefs.h.  */
| #define PACKAGE_NAME "compiz"
| #define PACKAGE_TARNAME "compiz"
| #define PACKAGE_VERSION "0.8.6"
| #define PACKAGE_STRING "compiz 0.8.6"
| #define PACKAGE_BUGREPORT "davidr@novell.com"
| #define PACKAGE "compiz"
| #define VERSION "0.8.6"
| #define DECOR_INTERFACE_VERSION 20080529
| /* end confdefs.h.  */
| #include <ac_nonexistent.h>
configure:5708: result: gcc -E
configure:5737: gcc -E  conftest.c
configure:5744: $? = 0
configure:5775: gcc -E  conftest.c
conftest.c:11:28: fatal error: ac_nonexistent.h: No such file or directory
compilation terminated.
configure:5782: $? = 1
configure: failed program was:
| /* confdefs.h.  */
| #define PACKAGE_NAME "compiz"
| #define PACKAGE_TARNAME "compiz"
| #define PACKAGE_VERSION "0.8.6"
| #define PACKAGE_STRING "compiz 0.8.6"
| #define PACKAGE_BUGREPORT "davidr@novell.com"
| #define PACKAGE "compiz"
| #define VERSION "0.8.6"
| #define DECOR_INTERFACE_VERSION 20080529
| /* end confdefs.h.  */
| #include <ac_nonexistent.h>
configure:5879: checking for g++
configure:5895: found /usr/bin/g++
configure:5906: result: g++
configure:5933: checking for C++ compiler version
configure:5941: g++ --version >&5
g++ (GCC) 5.1.0
Copyright (C) 2015 Free Software Foundation, Inc.
This is free software; see the source for copying conditions.  There is NO
warranty; not even for MERCHANTABILITY or FITNESS FOR A PARTICULAR PURPOSE.

configure:5945: $? = 0
configure:5952: g++ -v >&5
Using built-in specs.
COLLECT_GCC=g++
COLLECT_LTO_WRAPPER=/usr/lib/gcc/i686-pc-linux-gnu/5.1.0/lto-wrapper
Target: i686-pc-linux-gnu
Configured with: /build/gcc/src/gcc-5-20150519/configure --prefix=/usr --libdir=/usr/lib --libexecdir=/usr/lib --mandir=/usr/share/man --infodir=/usr/share/info --with-bugurl=https://bugs.archlinux.org/ --enable-languages=c,c++,ada,fortran,go,lto,objc,obj-c++ --enable-shared --enable-threads=posix --enable-libmpx --with-system-zlib --with-isl --enable-__cxa_atexit --disable-libunwind-exceptions --enable-clocale=gnu --disable-libstdcxx-pch --disable-libssp --enable-gnu-unique-object --enable-linker-build-id --enable-lto --enable-plugin --enable-install-libiberty --with-linker-hash-style=gnu --enable-gnu-indirect-function --disable-multilib --disable-werror --enable-checking=release --with-default-libstdcxx-abi=c++98
Thread model: posix
gcc version 5.1.0 (GCC) 
configure:5956: $? = 0
configure:5963: g++ -V >&5
g++: error: unrecognized command line option '-V'
g++: fatal error: no input files
compilation terminated.
configure:5967: $? = 1
configure:5970: checking whether we are using the GNU C++ compiler
configure:5999: g++ -c   conftest.cpp >&5
configure:6006: $? = 0
configure:6023: result: yes
configure:6032: checking whether g++ accepts -g
configure:6062: g++ -c -g  conftest.cpp >&5
configure:6069: $? = 0
configure:6170: result: yes
configure:6195: checking dependency style of g++
configure:6305: result: gcc3
configure:6351: checking build system type
configure:6369: result: i686-pc-linux-gnu
configure:6391: checking host system type
configure:6406: result: i686-pc-linux-gnu
configure:6428: checking for a sed that does not truncate output
configure:6494: result: /usr/bin/sed
configure:6512: checking for grep that handles long lines and -e
configure:6572: result: /usr/bin/grep
configure:6577: checking for egrep
configure:6641: result: /usr/bin/grep -E
configure:6646: checking for fgrep
configure:6710: result: /usr/bin/grep -F
configure:6745: checking for ld used by gcc
configure:6812: result: /usr/bin/ld
configure:6821: checking if the linker (/usr/bin/ld) is GNU ld
configure:6836: result: yes
configure:6848: checking for BSD- or MS-compatible name lister (nm)
configure:6897: result: /usr/bin/nm -B
configure:7015: checking the name lister (/usr/bin/nm -B) interface
configure:7022: gcc -c -g -O2  conftest.c >&5
configure:7025: /usr/bin/nm -B "conftest.o"
configure:7028: output
00000000 B some_variable
configure:7035: result: BSD nm
configure:7038: checking whether ln -s works
configure:7042: result: yes
configure:7050: checking the maximum length of command line arguments
configure:7170: result: 1572864
configure:7187: checking whether the shell understands some XSI constructs
configure:7197: result: yes
configure:7201: checking whether the shell understands "+="
configure:7207: result: yes
configure:7242: checking for /usr/bin/ld option to reload object files
configure:7249: result: -r
configure:7318: checking for objdump
configure:7334: found /usr/bin/objdump
configure:7345: result: objdump
configure:7377: checking how to recognize dependent libraries
configure:7573: result: pass_all
configure:7633: checking for ar
configure:7649: found /usr/bin/ar
configure:7660: result: ar
configure:7738: checking for strip
configure:7754: found /usr/bin/strip
configure:7765: result: strip
configure:7837: checking for ranlib
configure:7853: found /usr/bin/ranlib
configure:7864: result: ranlib
configure:7954: checking command to parse /usr/bin/nm -B output from gcc object
configure:8072: gcc -c -g -O2  conftest.c >&5
configure:8075: $? = 0
configure:8079: /usr/bin/nm -B conftest.o \| sed -n -e 's/^.*[	 ]\([ABCDGIRSTW][ABCDGIRSTW]*\)[	 ][	 ]*\([_A-Za-z][_A-Za-z0-9]*\)$/\1 \2 \2/p' \> conftest.nm
configure:8082: $? = 0
configure:8136: gcc -o conftest -g -O2   conftest.c conftstm.o >&5
configure:8139: $? = 0
configure:8177: result: ok
configure:9039: checking for ANSI C header files
configure:9069: gcc -c -g -O2  conftest.c >&5
configure:9076: $? = 0
configure:9175: gcc -o conftest -g -O2   conftest.c  >&5
configure:9179: $? = 0
configure:9185: ./conftest
configure:9189: $? = 0
configure:9207: result: yes
configure:9231: checking for sys/types.h
configure:9252: gcc -c -g -O2  conftest.c >&5
configure:9259: $? = 0
configure:9276: result: yes
configure:9231: checking for sys/stat.h
configure:9252: gcc -c -g -O2  conftest.c >&5
configure:9259: $? = 0
configure:9276: result: yes
configure:9231: checking for stdlib.h
configure:9252: gcc -c -g -O2  conftest.c >&5
configure:9259: $? = 0
configure:9276: result: yes
configure:9231: checking for string.h
configure:9252: gcc -c -g -O2  conftest.c >&5
configure:9259: $? = 0
configure:9276: result: yes
configure:9231: checking for memory.h
configure:9252: gcc -c -g -O2  conftest.c >&5
configure:9259: $? = 0
configure:9276: result: yes
configure:9231: checking for strings.h
configure:9252: gcc -c -g -O2  conftest.c >&5
configure:9259: $? = 0
configure:9276: result: yes
configure:9231: checking for inttypes.h
configure:9252: gcc -c -g -O2  conftest.c >&5
configure:9259: $? = 0
configure:9276: result: yes
configure:9231: checking for stdint.h
configure:9252: gcc -c -g -O2  conftest.c >&5
configure:9259: $? = 0
configure:9276: result: yes
configure:9231: checking for unistd.h
configure:9252: gcc -c -g -O2  conftest.c >&5
configure:9259: $? = 0
configure:9276: result: yes
configure:9294: checking for dlfcn.h
configure:9315: gcc -c -g -O2  conftest.c >&5
configure:9322: $? = 0
configure:9339: result: yes
configure:9466: checking for C++ compiler version
configure:9474: g++ --version >&5
g++ (GCC) 5.1.0
Copyright (C) 2015 Free Software Foundation, Inc.
This is free software; see the source for copying conditions.  There is NO
warranty; not even for MERCHANTABILITY or FITNESS FOR A PARTICULAR PURPOSE.

configure:9478: $? = 0
configure:9485: g++ -v >&5
Using built-in specs.
COLLECT_GCC=g++
COLLECT_LTO_WRAPPER=/usr/lib/gcc/i686-pc-linux-gnu/5.1.0/lto-wrapper
Target: i686-pc-linux-gnu
Configured with: /build/gcc/src/gcc-5-20150519/configure --prefix=/usr --libdir=/usr/lib --libexecdir=/usr/lib --mandir=/usr/share/man --infodir=/usr/share/info --with-bugurl=https://bugs.archlinux.org/ --enable-languages=c,c++,ada,fortran,go,lto,objc,obj-c++ --enable-shared --enable-threads=posix --enable-libmpx --with-system-zlib --with-isl --enable-__cxa_atexit --disable-libunwind-exceptions --enable-clocale=gnu --disable-libstdcxx-pch --disable-libssp --enable-gnu-unique-object --enable-linker-build-id --enable-lto --enable-plugin --enable-install-libiberty --with-linker-hash-style=gnu --enable-gnu-indirect-function --disable-multilib --disable-werror --enable-checking=release --with-default-libstdcxx-abi=c++98
Thread model: posix
gcc version 5.1.0 (GCC) 
configure:9489: $? = 0
configure:9496: g++ -V >&5
g++: error: unrecognized command line option '-V'
g++: fatal error: no input files
compilation terminated.
configure:9500: $? = 1
configure:9503: checking whether we are using the GNU C++ compiler
configure:9556: result: yes
configure:9565: checking whether g++ accepts -g
configure:9703: result: yes
configure:9728: checking dependency style of g++
configure:9838: result: gcc3
configure:9861: checking how to run the C++ preprocessor
configure:9897: g++ -E  conftest.cpp
configure:9904: $? = 0
configure:9935: g++ -E  conftest.cpp
conftest.cpp:22:28: fatal error: ac_nonexistent.h: No such file or directory
compilation terminated.
configure:9942: $? = 1
configure: failed program was:
| /* confdefs.h.  */
| #define PACKAGE_NAME "compiz"
| #define PACKAGE_TARNAME "compiz"
| #define PACKAGE_VERSION "0.8.6"
| #define PACKAGE_STRING "compiz 0.8.6"
| #define PACKAGE_BUGREPORT "davidr@novell.com"
| #define PACKAGE "compiz"
| #define VERSION "0.8.6"
| #define DECOR_INTERFACE_VERSION 20080529
| #define STDC_HEADERS 1
| #define HAVE_SYS_TYPES_H 1
| #define HAVE_SYS_STAT_H 1
| #define HAVE_STDLIB_H 1
| #define HAVE_STRING_H 1
| #define HAVE_MEMORY_H 1
| #define HAVE_STRINGS_H 1
| #define HAVE_INTTYPES_H 1
| #define HAVE_STDINT_H 1
| #define HAVE_UNISTD_H 1
| #define HAVE_DLFCN_H 1
| /* end confdefs.h.  */
| #include <ac_nonexistent.h>
configure:9975: result: g++ -E
configure:10004: g++ -E  conftest.cpp
configure:10011: $? = 0
configure:10042: g++ -E  conftest.cpp
conftest.cpp:22:28: fatal error: ac_nonexistent.h: No such file or directory
compilation terminated.
configure:10049: $? = 1
configure: failed program was:
| /* confdefs.h.  */
| #define PACKAGE_NAME "compiz"
| #define PACKAGE_TARNAME "compiz"
| #define PACKAGE_VERSION "0.8.6"
| #define PACKAGE_STRING "compiz 0.8.6"
| #define PACKAGE_BUGREPORT "davidr@novell.com"
| #define PACKAGE "compiz"
| #define VERSION "0.8.6"
| #define DECOR_INTERFACE_VERSION 20080529
| #define STDC_HEADERS 1
| #define HAVE_SYS_TYPES_H 1
| #define HAVE_SYS_STAT_H 1
| #define HAVE_STDLIB_H 1
| #define HAVE_STRING_H 1
| #define HAVE_MEMORY_H 1
| #define HAVE_STRINGS_H 1
| #define HAVE_INTTYPES_H 1
| #define HAVE_STDINT_H 1
| #define HAVE_UNISTD_H 1
| #define HAVE_DLFCN_H 1
| /* end confdefs.h.  */
| #include <ac_nonexistent.h>
configure:10263: checking for objdir
configure:10278: result: .libs
configure:10570: checking if gcc supports -fno-rtti -fno-exceptions
configure:10588: gcc -c -g -O2  -fno-rtti -fno-exceptions conftest.c >&5
cc1: warning: command line option '-fno-rtti' is valid for C++/ObjC++ but not for C
configure:10592: $? = 0
configure:10605: result: no
configure:10625: checking for gcc option to produce PIC
configure:10897: result: -fPIC -DPIC
configure:10909: checking if gcc PIC flag -fPIC -DPIC works
configure:10927: gcc -c -g -O2  -fPIC -DPIC -DPIC conftest.c >&5
configure:10931: $? = 0
configure:10944: result: yes
configure:10968: checking if gcc static flag -static works
configure:10996: result: yes
configure:11011: checking if gcc supports -c -o file.o
configure:11032: gcc -c -g -O2  -o out/conftest2.o conftest.c >&5
configure:11036: $? = 0
configure:11058: result: yes
configure:11066: checking if gcc supports -c -o file.o
configure:11113: result: yes
configure:11146: checking whether the gcc linker (/usr/bin/ld) supports shared libraries
configure:12220: result: yes
configure:12257: checking whether -lc should be explicitly linked in
configure:12262: gcc -c -g -O2  conftest.c >&5
configure:12265: $? = 0
configure:12280: gcc -shared conftest.o  -v -Wl,-soname -Wl,conftest -o conftest 2\>\&1 \| /usr/bin/grep  -lc  \>/dev/null 2\>\&1
configure:12283: $? = 0
configure:12295: result: no
configure:12459: checking dynamic linker characteristics
configure:12902: gcc -o conftest -g -O2   -Wl,-rpath -Wl,/foo conftest.c  >&5
configure:12909: $? = 0
configure:13145: result: GNU/Linux ld.so
configure:13247: checking how to hardcode library paths into programs
configure:13272: result: immediate
configure:14105: checking whether stripping libraries is possible
configure:14110: result: yes
configure:14145: checking if libtool supports shared libraries
configure:14147: result: yes
configure:14150: checking whether to build shared libraries
configure:14171: result: yes
configure:14174: checking whether to build static libraries
configure:14178: result: yes
configure:14328: checking for ld used by g++
configure:14395: result: /usr/bin/ld
configure:14404: checking if the linker (/usr/bin/ld) is GNU ld
configure:14419: result: yes
configure:14474: checking whether the g++ linker (/usr/bin/ld) supports shared libraries
configure:15449: result: yes
configure:15477: g++ -c -g -O2  conftest.cpp >&5
configure:15480: $? = 0
configure:15662: checking for g++ option to produce PIC
configure:15979: result: -fPIC -DPIC
configure:15988: checking if g++ PIC flag -fPIC -DPIC works
configure:16006: g++ -c -g -O2  -fPIC -DPIC -DPIC conftest.cpp >&5
configure:16010: $? = 0
configure:16023: result: yes
configure:16044: checking if g++ static flag -static works
configure:16072: result: yes
configure:16084: checking if g++ supports -c -o file.o
configure:16105: g++ -c -g -O2  -o out/conftest2.o conftest.cpp >&5
configure:16109: $? = 0
configure:16131: result: yes
configure:16136: checking if g++ supports -c -o file.o
configure:16183: result: yes
configure:16213: checking whether the g++ linker (/usr/bin/ld) supports shared libraries
configure:16239: result: yes
configure:16376: checking dynamic linker characteristics
configure:16767: g++ -o conftest -g -O2   -Wl,-rpath -Wl,/foo conftest.cpp  >&5
configure:16774: $? = 0
configure:17010: result: GNU/Linux ld.so
configure:17061: checking how to hardcode library paths into programs
configure:17086: result: immediate
configure:17144: checking for ANSI C header files
configure:17312: result: yes
configure:17329: checking for stdlib.h
configure:17336: result: yes
configure:17340: checking sys/time.h usability
configure:17357: gcc -c -g -O2  conftest.c >&5
configure:17364: $? = 0
configure:17378: result: yes
configure:17382: checking sys/time.h presence
configure:17397: gcc -E  conftest.c
configure:17404: $? = 0
configure:17418: result: yes
configure:17451: checking for sys/time.h
configure:17460: result: yes
configure:17329: checking for unistd.h
configure:17336: result: yes
configure:17495: checking locale.h usability
configure:17512: gcc -c -g -O2  conftest.c >&5
configure:17519: $? = 0
configure:17533: result: yes
configure:17537: checking locale.h presence
configure:17552: gcc -E  conftest.c
configure:17559: $? = 0
configure:17573: result: yes
configure:17606: checking for locale.h
configure:17615: result: yes
configure:17631: checking for LC_MESSAGES
configure:17657: gcc -o conftest -g -O2   conftest.c  >&5
configure:17664: $? = 0
configure:17684: result: yes
configure:17713: checking libintl.h usability
configure:17730: gcc -c -g -O2  conftest.c >&5
configure:17737: $? = 0
configure:17751: result: yes
configure:17755: checking libintl.h presence
configure:17770: gcc -E  conftest.c
configure:17777: $? = 0
configure:17791: result: yes
configure:17824: checking for libintl.h
configure:17831: result: yes
configure:17842: checking for ngettext in libc
configure:17870: gcc -o conftest -g -O2   conftest.c  >&5
configure:17877: $? = 0
configure:17898: result: yes
configure:17902: checking for dgettext in libc
configure:17930: gcc -o conftest -g -O2   conftest.c  >&5
configure:17937: $? = 0
configure:17958: result: yes
configure:17967: checking for bind_textdomain_codeset
configure:18023: gcc -o conftest -g -O2   conftest.c  >&5
configure:18030: $? = 0
configure:18052: result: yes
configure:18568: checking for msgfmt
configure:18595: result: /usr/bin/msgfmt
configure:18608: checking for dcgettext
configure:18664: gcc -o conftest -g -O2   conftest.c   >&5
conftest.c:54:6: warning: conflicting types for built-in function 'dcgettext'
 char dcgettext ();
      ^
configure:18671: $? = 0
configure:18693: result: yes
configure:18706: checking if msgfmt accepts -c
configure:18721: $MSGFMT -c -o /dev/null conftest.foo
conftest.foo:3: warning: header field 'Language' missing in header
configure:18724: $? = 0
configure:18726: result: yes
configure:18736: checking for gmsgfmt
configure:18767: result: /usr/bin/msgfmt
configure:18777: checking for xgettext
configure:18804: result: /usr/bin/xgettext
configure:18833: gcc -o conftest -g -O2   conftest.c   >&5
configure:18840: $? = 0
configure:19016: checking for catalogs to be installed
configure:19041: result:  af ar bg bn bn_IN bs ca cs cy da de el en_GB en_US es eu et fi fr gl gu he hi hr hu id it ja ka km ko lo lt mk mr nb nl or pa pl pt pt_BR ro ru sk sl sr sv ta tr uk vi xh zh_CN zh_TW zu
configure:19143: checking whether byte ordering is bigendian
configure:19168: gcc -c -g -O2 -Wall -Wpointer-arith -Wstrict-prototypes -Wmissing-prototypes -Wmissing-declarations -Wnested-externs -D_FORTIFY_SOURCE=2  conftest.c >&5
conftest.c:35:9: error: unknown type name 'not'
         not a universal capable compiler
         ^
conftest.c:35:15: error: expected '=', ',', ';', 'asm' or '__attribute__' before 'universal'
         not a universal capable compiler
               ^
conftest.c:35:15: error: unknown type name 'universal'
configure:19175: $? = 1
configure: failed program was:
| /* confdefs.h.  */
| #define PACKAGE_NAME "compiz"
| #define PACKAGE_TARNAME "compiz"
| #define PACKAGE_VERSION "0.8.6"
| #define PACKAGE_STRING "compiz 0.8.6"
| #define PACKAGE_BUGREPORT "davidr@novell.com"
| #define PACKAGE "compiz"
| #define VERSION "0.8.6"
| #define DECOR_INTERFACE_VERSION 20080529
| #define STDC_HEADERS 1
| #define HAVE_SYS_TYPES_H 1
| #define HAVE_SYS_STAT_H 1
| #define HAVE_STDLIB_H 1
| #define HAVE_STRING_H 1
| #define HAVE_MEMORY_H 1
| #define HAVE_STRINGS_H 1
| #define HAVE_INTTYPES_H 1
| #define HAVE_STDINT_H 1
| #define HAVE_UNISTD_H 1
| #define HAVE_DLFCN_H 1
| #define LT_OBJDIR ".libs/"
| #define STDC_HEADERS 1
| #define HAVE_STDLIB_H 1
| #define HAVE_SYS_TIME_H 1
| #define HAVE_UNISTD_H 1
| #define HAVE_LOCALE_H 1
| #define HAVE_LC_MESSAGES 1
| #define HAVE_BIND_TEXTDOMAIN_CODESET 1
| #define HAVE_GETTEXT 1
| #define HAVE_DCGETTEXT 1
| #define ENABLE_NLS 1
| #define GETTEXT_PACKAGE "compiz"
| /* end confdefs.h.  */
| #ifndef __APPLE_CC__
| 	       not a universal capable compiler
| 	     #endif
| 	     typedef int dummy;
| 
configure:19225: gcc -c -g -O2 -Wall -Wpointer-arith -Wstrict-prototypes -Wmissing-prototypes -Wmissing-declarations -Wnested-externs -D_FORTIFY_SOURCE=2  conftest.c >&5
conftest.c:38:1: warning: function declaration isn't a prototype [-Wstrict-prototypes]
 main ()
 ^
configure:19232: $? = 0
configure:19264: gcc -c -g -O2 -Wall -Wpointer-arith -Wstrict-prototypes -Wmissing-prototypes -Wmissing-declarations -Wnested-externs -D_FORTIFY_SOURCE=2  conftest.c >&5
conftest.c:38:1: warning: function declaration isn't a prototype [-Wstrict-prototypes]
 main ()
 ^
conftest.c: In function 'main':
conftest.c:41:4: error: unknown type name 'not'
    not big endian
    ^
conftest.c:41:12: error: expected '=', ',', ';', 'asm' or '__attribute__' before 'endian'
    not big endian
            ^
configure:19271: $? = 1
configure: failed program was:
| /* confdefs.h.  */
| #define PACKAGE_NAME "compiz"
| #define PACKAGE_TARNAME "compiz"
| #define PACKAGE_VERSION "0.8.6"
| #define PACKAGE_STRING "compiz 0.8.6"
| #define PACKAGE_BUGREPORT "davidr@novell.com"
| #define PACKAGE "compiz"
| #define VERSION "0.8.6"
| #define DECOR_INTERFACE_VERSION 20080529
| #define STDC_HEADERS 1
| #define HAVE_SYS_TYPES_H 1
| #define HAVE_SYS_STAT_H 1
| #define HAVE_STDLIB_H 1
| #define HAVE_STRING_H 1
| #define HAVE_MEMORY_H 1
| #define HAVE_STRINGS_H 1
| #define HAVE_INTTYPES_H 1
| #define HAVE_STDINT_H 1
| #define HAVE_UNISTD_H 1
| #define HAVE_DLFCN_H 1
| #define LT_OBJDIR ".libs/"
| #define STDC_HEADERS 1
| #define HAVE_STDLIB_H 1
| #define HAVE_SYS_TIME_H 1
| #define HAVE_UNISTD_H 1
| #define HAVE_LOCALE_H 1
| #define HAVE_LC_MESSAGES 1
| #define HAVE_BIND_TEXTDOMAIN_CODESET 1
| #define HAVE_GETTEXT 1
| #define HAVE_DCGETTEXT 1
| #define ENABLE_NLS 1
| #define GETTEXT_PACKAGE "compiz"
| /* end confdefs.h.  */
| #include <sys/types.h>
| 		#include <sys/param.h>
| 
| int
| main ()
| {
| #if BYTE_ORDER != BIG_ENDIAN
| 		 not big endian
| 		#endif
| 
|   ;
|   return 0;
| }
configure:19523: result: no
configure:19630: checking for pkg-config
configure:19648: found /usr/bin/pkg-config
configure:19660: result: /usr/bin/pkg-config
configure:19685: checking pkg-config is at least version 0.9.0
configure:19688: result: yes
configure:19699: checking for COMPIZ
configure:19706: $PKG_CONFIG --exists --print-errors "$COMPIZ_REQUIRES"
configure:19709: $? = 0
configure:19722: $PKG_CONFIG --exists --print-errors "$COMPIZ_REQUIRES"
configure:19725: $? = 0
configure:19802: result: yes
configure:19812: checking for DECORATION
configure:19819: $PKG_CONFIG --exists --print-errors "$DECORATION_REQUIRES"
configure:19822: $? = 0
configure:19835: $PKG_CONFIG --exists --print-errors "$DECORATION_REQUIRES"
configure:19838: $? = 0
configure:19915: result: yes
configure:19922: $PKG_CONFIG --exists --print-errors "xrender >= 0.9.3"
configure:19925: $? = 0
configure:19940: checking for GL_CFLAGS
configure:19951: result: 
configure:19953: checking for GL_LIBS
configure:19963: result: -lGL
configure:19973: checking for xsltproc
configure:19989: found /usr/bin/xsltproc
configure:20000: result: xsltproc
configure:20019: checking for LIBPNG
configure:20026: $PKG_CONFIG --exists --print-errors "libpng"
configure:20029: $? = 0
configure:20042: $PKG_CONFIG --exists --print-errors "libpng"
configure:20045: $? = 0
configure:20122: result: yes
configure:20138: checking for GLIB
configure:20145: $PKG_CONFIG --exists --print-errors "glib-2.0"
configure:20148: $? = 0
configure:20161: $PKG_CONFIG --exists --print-errors "glib-2.0"
configure:20164: $? = 0
configure:20241: result: yes
configure:20274: checking for GCONF
configure:20281: $PKG_CONFIG --exists --print-errors "gconf-2.0"
configure:20284: $? = 0
configure:20297: $PKG_CONFIG --exists --print-errors "gconf-2.0"
configure:20300: $? = 0
configure:20377: result: yes
configure:20384: checking for gconftool-2
configure:20402: found /usr/bin/gconftool-2
configure:20415: result: /usr/bin/gconftool-2
configure:20445: result: Using config source xml:merged:/etc/gconf/gconf.xml.defaults for schema installation
configure:20460: result: Using $(sysconfdir)/gconf/schemas as install directory for schema files
configure:20513: checking for DBUS
configure:20520: $PKG_CONFIG --exists --print-errors "dbus-1 libxml-2.0"
configure:20523: $? = 0
configure:20536: $PKG_CONFIG --exists --print-errors "dbus-1 libxml-2.0"
configure:20539: $? = 0
configure:20574: result: yes
configure:20607: checking for DBUS_GLIB
configure:20614: $PKG_CONFIG --exists --print-errors "dbus-glib-1"
configure:20617: $? = 0
configure:20630: $PKG_CONFIG --exists --print-errors "dbus-glib-1"
configure:20633: $? = 0
configure:20668: result: yes
configure:20707: checking sys/inotify.h usability
configure:20724: gcc -c -g -O2 -Wall -Wpointer-arith -Wstrict-prototypes -Wmissing-prototypes -Wmissing-declarations -Wnested-externs -D_FORTIFY_SOURCE=2  conftest.c >&5
configure:20731: $? = 0
configure:20745: result: yes
configure:20749: checking sys/inotify.h presence
configure:20764: gcc -E  conftest.c
configure:20771: $? = 0
configure:20785: result: yes
configure:20818: checking for sys/inotify.h
configure:20827: result: yes
configure:20873: checking for FUSE
configure:20880: $PKG_CONFIG --exists --print-errors "fuse"
configure:20883: $? = 0
configure:20896: $PKG_CONFIG --exists --print-errors "fuse"
configure:20899: $? = 0
configure:20934: result: yes
configure:20967: checking for ANNOTATE
configure:20974: $PKG_CONFIG --exists --print-errors "cairo-xlib-xrender"
configure:20977: $? = 0
configure:20990: $PKG_CONFIG --exists --print-errors "cairo-xlib-xrender"
configure:20993: $? = 0
configure:21028: result: yes
configure:21061: checking for LIBRSVG
configure:21068: $PKG_CONFIG --exists --print-errors "cairo >= 1.0 librsvg-2.0 >= 2.14.0"
configure:21071: $? = 0
configure:21084: $PKG_CONFIG --exists --print-errors "cairo >= 1.0 librsvg-2.0 >= 2.14.0"
configure:21087: $? = 0
configure:21122: result: yes
configure:21179: checking for GTK_WINDOW_DECORATOR
configure:21189: $PKG_CONFIG --exists --print-errors "xrender >= 0.8.4  \
		    gtk+-2.0 >= 2.8.0 \
		    libwnck-1.0	      \
		    pangocairo"
configure:21195: $? = 0
configure:21214: $PKG_CONFIG --exists --print-errors "xrender >= 0.8.4  \
		    gtk+-2.0 >= 2.8.0 \
		    libwnck-1.0	      \
		    pangocairo"
configure:21220: $? = 0
configure:21264: result: yes
configure:21277: checking for wnck_window_has_name
configure:21333: gcc -o conftest -g -O2 -Wall -Wpointer-arith -Wstrict-prototypes -Wmissing-prototypes -Wmissing-declarations -Wnested-externs -D_FORTIFY_SOURCE=2 -pthread -I/usr/include/libwnck-1.0 -I/usr/include/startup-notification-1.0 -I/usr/include/gtk-2.0 -I/usr/lib/gtk-2.0/include -I/usr/include/atk-1.0 -I/usr/include/gdk-pixbuf-2.0 -I/usr/include/libpng16 -I/usr/include/pango-1.0 -I/usr/include/harfbuzz -I/usr/include/pango-1.0 -I/usr/include/cairo -I/usr/include/glib-2.0 -I/usr/lib/glib-2.0/include -I/usr/include/pixman-1 -I/usr/include/freetype2 -I/usr/include/libpng16 -I/usr/include/harfbuzz -I/usr/include/freetype2 -I/usr/include/libdrm -I/usr/include/libpng16    conftest.c  -lXrender -lX11 -lwnck-1 -lgtk-x11-2.0 -lgdk-x11-2.0 -latk-1.0 -lgdk_pixbuf-2.0 -lgio-2.0 -lpangoft2-1.0 -lfontconfig -lfreetype -lpangocairo-1.0 -lpango-1.0 -lgobject-2.0 -lglib-2.0 -lcairo  >&5
conftest.c:67:1: warning: function declaration isn't a prototype [-Wstrict-prototypes]
 char wnck_window_has_name ();
 ^
conftest.c:76:1: warning: function declaration isn't a prototype [-Wstrict-prototypes]
 main ()
 ^
configure:21340: $? = 0
configure:21362: result: yes
configure:21378: $PKG_CONFIG --exists --print-errors "libwnck-1.0 >= 2.18.1"
configure:21381: $? = 0
configure:21389: $PKG_CONFIG --exists --print-errors "libwnck-1.0 >= 2.19.4"
configure:21392: $? = 0
configure:21402: checking for METACITY
configure:21409: $PKG_CONFIG --exists --print-errors "libmetacity-private"
configure:21412: $? = 0
configure:21425: $PKG_CONFIG --exists --print-errors "libmetacity-private"
configure:21428: $? = 0
configure:21463: result: yes
configure:21468: $PKG_CONFIG --exists --print-errors "libmetacity-private >= 2.15.21"
configure:21471: $? = 0
configure:21478: $PKG_CONFIG --exists --print-errors "libmetacity-private >= 2.17.0"
configure:21481: $? = 0
configure:21488: $PKG_CONFIG --exists --print-errors "libmetacity-private >= 2.23.2"
configure:21491: $? = 0
configure:21502: checking for GNOME_WINDOW_SETTINGS
configure:21509: $PKG_CONFIG --exists --print-errors "gnome-window-settings-2.0 gnome-desktop-2.0 gconf-2.0"
Package gnome-window-settings-2.0 was not found in the pkg-config search path.
Perhaps you should add the directory containing `gnome-window-settings-2.0.pc'
to the PKG_CONFIG_PATH environment variable
No package 'gnome-window-settings-2.0' found
Package gnome-desktop-2.0 was not found in the pkg-config search path.
Perhaps you should add the directory containing `gnome-desktop-2.0.pc'
to the PKG_CONFIG_PATH environment variable
No package 'gnome-desktop-2.0' found
configure:21512: $? = 1
configure:21525: $PKG_CONFIG --exists --print-errors "gnome-window-settings-2.0 gnome-desktop-2.0 gconf-2.0"
Package gnome-window-settings-2.0 was not found in the pkg-config search path.
Perhaps you should add the directory containing `gnome-window-settings-2.0.pc'
to the PKG_CONFIG_PATH environment variable
No package 'gnome-window-settings-2.0' found
Package gnome-desktop-2.0 was not found in the pkg-config search path.
Perhaps you should add the directory containing `gnome-desktop-2.0.pc'
to the PKG_CONFIG_PATH environment variable
No package 'gnome-desktop-2.0' found
configure:21528: $? = 1
No package 'gnome-window-settings-2.0' found
No package 'gnome-desktop-2.0' found
configure:21555: result: no
configure:21572: checking for GNOME_KEY_BINDINGS
configure:21579: $PKG_CONFIG --exists --print-errors "gnome-keybindings"
Package gnome-keybindings was not found in the pkg-config search path.
Perhaps you should add the directory containing `gnome-keybindings.pc'
to the PKG_CONFIG_PATH environment variable
No package 'gnome-keybindings' found
configure:21582: $? = 1
configure:21595: $PKG_CONFIG --exists --print-errors "gnome-keybindings"
Package gnome-keybindings was not found in the pkg-config search path.
Perhaps you should add the directory containing `gnome-keybindings.pc'
to the PKG_CONFIG_PATH environment variable
No package 'gnome-keybindings' found
configure:21598: $? = 1
No package 'gnome-keybindings' found
configure:21625: result: no
configure:21773: checking for Qt headers
configure:21782: result: no
configure:21785: checking for Qt libraries
configure:21794: result: /usr/lib
configure:21930: checking for KWin headers
configure:21951: result:  kdecorationbridge.h not found
configure:22381: creating ./config.status

## ---------------------- ##
## Running config.status. ##
## ---------------------- ##

This file was extended by compiz config.status 0.8.6, which was
generated by GNU Autoconf 2.63.  Invocation command line was

  CONFIG_FILES    = 
  CONFIG_HEADERS  = 
  CONFIG_LINKS    = 
  CONFIG_COMMANDS = 
  $ ./config.status 

on ARCHLINUX-PC

config.status:1282: creating compiz.pc
config.status:1282: creating compiz-cube.pc
config.status:1282: creating compiz-scale.pc
config.status:1282: creating compiz-gconf.pc
config.status:1282: creating compiz-kconfig.pc
config.status:1282: creating Makefile
config.status:1282: creating src/Makefile
config.status:1282: creating libdecoration/Makefile
config.status:1282: creating libdecoration/libdecoration.pc
config.status:1282: creating include/Makefile
config.status:1282: creating plugins/Makefile
config.status:1282: creating images/Makefile
config.status:1282: creating gtk/Makefile
config.status:1282: creating gtk/window-decorator/Makefile
config.status:1282: creating gtk/gnome/Makefile
config.status:1282: creating kde/Makefile
config.status:1282: creating kde/window-decorator/Makefile
config.status:1282: creating kde/window-decorator-kde4/Makefile
config.status:1282: creating po/Makefile.in
config.status:1282: creating metadata/Makefile
config.status:1282: creating config.h
config.status:1556: executing depfiles commands
config.status:1556: executing libtool commands
config.status:1556: executing default-1 commands
config.status:1556: executing include/compiz-common.h commands
config.status:2506: creating include/compiz-common.h
config.status:1556: executing po/stamp-it commands

## ---------------- ##
## Cache variables. ##
## ---------------- ##

ac_cv_build=i686-pc-linux-gnu
ac_cv_c_bigendian=no
ac_cv_c_compiler_gnu=yes
ac_cv_cxx_compiler_gnu=yes
ac_cv_env_ANNOTATE_CFLAGS_set=
ac_cv_env_ANNOTATE_CFLAGS_value=
ac_cv_env_ANNOTATE_LIBS_set=
ac_cv_env_ANNOTATE_LIBS_value=
ac_cv_env_CCC_set=
ac_cv_env_CCC_value=
ac_cv_env_CC_set=
ac_cv_env_CC_value=
ac_cv_env_CFLAGS_set=
ac_cv_env_CFLAGS_value=
ac_cv_env_COMPIZ_CFLAGS_set=
ac_cv_env_COMPIZ_CFLAGS_value=
ac_cv_env_COMPIZ_LIBS_set=
ac_cv_env_COMPIZ_LIBS_value=
ac_cv_env_CPPFLAGS_set=
ac_cv_env_CPPFLAGS_value=
ac_cv_env_CPP_set=
ac_cv_env_CPP_value=
ac_cv_env_CXXCPP_set=
ac_cv_env_CXXCPP_value=
ac_cv_env_CXXFLAGS_set=
ac_cv_env_CXXFLAGS_value=
ac_cv_env_CXX_set=
ac_cv_env_CXX_value=
ac_cv_env_DBUS_CFLAGS_set=
ac_cv_env_DBUS_CFLAGS_value=
ac_cv_env_DBUS_GLIB_CFLAGS_set=
ac_cv_env_DBUS_GLIB_CFLAGS_value=
ac_cv_env_DBUS_GLIB_LIBS_set=
ac_cv_env_DBUS_GLIB_LIBS_value=
ac_cv_env_DBUS_LIBS_set=
ac_cv_env_DBUS_LIBS_value=
ac_cv_env_DECORATION_CFLAGS_set=
ac_cv_env_DECORATION_CFLAGS_value=
ac_cv_env_DECORATION_LIBS_set=
ac_cv_env_DECORATION_LIBS_value=
ac_cv_env_FUSE_CFLAGS_set=
ac_cv_env_FUSE_CFLAGS_value=
ac_cv_env_FUSE_LIBS_set=
ac_cv_env_FUSE_LIBS_value=
ac_cv_env_GCONF_CFLAGS_set=
ac_cv_env_GCONF_CFLAGS_value=
ac_cv_env_GCONF_LIBS_set=
ac_cv_env_GCONF_LIBS_value=
ac_cv_env_GLIB_CFLAGS_set=
ac_cv_env_GLIB_CFLAGS_value=
ac_cv_env_GLIB_LIBS_set=
ac_cv_env_GLIB_LIBS_value=
ac_cv_env_GNOME_KEY_BINDINGS_CFLAGS_set=
ac_cv_env_GNOME_KEY_BINDINGS_CFLAGS_value=
ac_cv_env_GNOME_KEY_BINDINGS_LIBS_set=
ac_cv_env_GNOME_KEY_BINDINGS_LIBS_value=
ac_cv_env_GNOME_WINDOW_SETTINGS_CFLAGS_set=
ac_cv_env_GNOME_WINDOW_SETTINGS_CFLAGS_value=
ac_cv_env_GNOME_WINDOW_SETTINGS_LIBS_set=
ac_cv_env_GNOME_WINDOW_SETTINGS_LIBS_value=
ac_cv_env_GTK_WINDOW_DECORATOR_CFLAGS_set=
ac_cv_env_GTK_WINDOW_DECORATOR_CFLAGS_value=
ac_cv_env_GTK_WINDOW_DECORATOR_LIBS_set=
ac_cv_env_GTK_WINDOW_DECORATOR_LIBS_value=
ac_cv_env_KDE4_WINDOW_DECORATOR_CFLAGS_set=
ac_cv_env_KDE4_WINDOW_DECORATOR_CFLAGS_value=
ac_cv_env_KDE4_WINDOW_DECORATOR_LIBS_set=
ac_cv_env_KDE4_WINDOW_DECORATOR_LIBS_value=
ac_cv_env_KDE_WINDOW_DECORATOR_CFLAGS_set=
ac_cv_env_KDE_WINDOW_DECORATOR_CFLAGS_value=
ac_cv_env_KDE_WINDOW_DECORATOR_LIBS_set=
ac_cv_env_KDE_WINDOW_DECORATOR_LIBS_value=
ac_cv_env_LDFLAGS_set=
ac_cv_env_LDFLAGS_value=
ac_cv_env_LIBPNG_CFLAGS_set=
ac_cv_env_LIBPNG_CFLAGS_value=
ac_cv_env_LIBPNG_LIBS_set=
ac_cv_env_LIBPNG_LIBS_value=
ac_cv_env_LIBRSVG_CFLAGS_set=
ac_cv_env_LIBRSVG_CFLAGS_value=
ac_cv_env_LIBRSVG_LIBS_set=
ac_cv_env_LIBRSVG_LIBS_value=
ac_cv_env_LIBS_set=
ac_cv_env_LIBS_value=
ac_cv_env_METACITY_CFLAGS_set=
ac_cv_env_METACITY_CFLAGS_value=
ac_cv_env_METACITY_LIBS_set=
ac_cv_env_METACITY_LIBS_value=
ac_cv_env_PKG_CONFIG_set=
ac_cv_env_PKG_CONFIG_value=
ac_cv_env_build_alias_set=
ac_cv_env_build_alias_value=
ac_cv_env_host_alias_set=
ac_cv_env_host_alias_value=
ac_cv_env_target_alias_set=
ac_cv_env_target_alias_value=
ac_cv_func_bind_textdomain_codeset=yes
ac_cv_func_dcgettext=yes
ac_cv_func_wnck_window_has_name=yes
ac_cv_header_dlfcn_h=yes
ac_cv_header_inttypes_h=yes
ac_cv_header_libintl_h=yes
ac_cv_header_locale_h=yes
ac_cv_header_memory_h=yes
ac_cv_header_stdc=yes
ac_cv_header_stdint_h=yes
ac_cv_header_stdlib_h=yes
ac_cv_header_string_h=yes
ac_cv_header_strings_h=yes
ac_cv_header_sys_inotify_h=yes
ac_cv_header_sys_stat_h=yes
ac_cv_header_sys_time_h=yes
ac_cv_header_sys_types_h=yes
ac_cv_header_unistd_h=yes
ac_cv_host=i686-pc-linux-gnu
ac_cv_objext=o
ac_cv_path_EGREP='/usr/bin/grep -E'
ac_cv_path_FGREP='/usr/bin/grep -F'
ac_cv_path_GCONFTOOL=/usr/bin/gconftool-2
ac_cv_path_GMSGFMT=/usr/bin/msgfmt
ac_cv_path_GREP=/usr/bin/grep
ac_cv_path_INTLTOOL_EXTRACT=/usr/bin/intltool-extract
ac_cv_path_INTLTOOL_MERGE=/usr/bin/intltool-merge
ac_cv_path_INTLTOOL_PERL=/usr/bin/perl
ac_cv_path_INTLTOOL_UPDATE=/usr/bin/intltool-update
ac_cv_path_MSGFMT=/usr/bin/msgfmt
ac_cv_path_MSGMERGE=/usr/bin/msgmerge
ac_cv_path_SED=/usr/bin/sed
ac_cv_path_XGETTEXT=/usr/bin/xgettext
ac_cv_path_ac_pt_PKG_CONFIG=/usr/bin/pkg-config
ac_cv_path_install='/usr/bin/install -c'
ac_cv_path_mkdir=/usr/bin/mkdir
ac_cv_prog_AWK=gawk
ac_cv_prog_CPP='gcc -E'
ac_cv_prog_CXXCPP='g++ -E'
ac_cv_prog_XSLTPROC=xsltproc
ac_cv_prog_ac_ct_AR=ar
ac_cv_prog_ac_ct_CC=gcc
ac_cv_prog_ac_ct_CXX=g++
ac_cv_prog_ac_ct_OBJDUMP=objdump
ac_cv_prog_ac_ct_RANLIB=ranlib
ac_cv_prog_ac_ct_STRIP=strip
ac_cv_prog_cc_c89=
ac_cv_prog_cc_g=yes
ac_cv_prog_cxx_g=yes
ac_cv_prog_make_make_set=yes
ac_cv_search_strerror='none required'
am_cv_CC_dependencies_compiler_type=gcc3
am_cv_CXX_dependencies_compiler_type=gcc3
am_cv_val_LC_MESSAGES=yes
gt_cv_func_dgettext_libc=yes
gt_cv_func_dgettext_libintl=no
gt_cv_func_ngettext_libc=yes
gt_cv_have_gettext=yes
lt_cv_deplibs_check_method=pass_all
lt_cv_file_magic_cmd='$MAGIC_CMD'
lt_cv_file_magic_test_file=
lt_cv_ld_reload_flag=-r
lt_cv_nm_interface='BSD nm'
lt_cv_objdir=.libs
lt_cv_path_LD=/usr/bin/ld
lt_cv_path_LDCXX=/usr/bin/ld
lt_cv_path_NM='/usr/bin/nm -B'
lt_cv_prog_compiler_c_o=yes
lt_cv_prog_compiler_c_o_CXX=yes
lt_cv_prog_compiler_pic_works=yes
lt_cv_prog_compiler_pic_works_CXX=yes
lt_cv_prog_compiler_rtti_exceptions=no
lt_cv_prog_compiler_static_works=yes
lt_cv_prog_compiler_static_works_CXX=yes
lt_cv_prog_gnu_ld=yes
lt_cv_prog_gnu_ldcxx=yes
lt_cv_sys_global_symbol_pipe='sed -n -e '\''s/^.*[	 ]\([ABCDGIRSTW][ABCDGIRSTW]*\)[	 ][	 ]*\([_A-Za-z][_A-Za-z0-9]*\)$/\1 \2 \2/p'\'''
lt_cv_sys_global_symbol_to_c_name_address='sed -n -e '\''s/^: \([^ ]*\) $/  {\"\1\", (void *) 0},/p'\'' -e '\''s/^[ABCDGIRSTW]* \([^ ]*\) \([^ ]*\)$/  {"\2", (void *) \&\2},/p'\'''
lt_cv_sys_global_symbol_to_c_name_address_lib_prefix='sed -n -e '\''s/^: \([^ ]*\) $/  {\"\1\", (void *) 0},/p'\'' -e '\''s/^[ABCDGIRSTW]* \([^ ]*\) \(lib[^ ]*\)$/  {"\2", (void *) \&\2},/p'\'' -e '\''s/^[ABCDGIRSTW]* \([^ ]*\) \([^ ]*\)$/  {"lib\2", (void *) \&\2},/p'\'''
lt_cv_sys_global_symbol_to_cdecl='sed -n -e '\''s/^T .* \(.*\)$/extern int \1();/p'\'' -e '\''s/^[ABCDGIRSTW]* .* \(.*\)$/extern char \1;/p'\'''
lt_cv_sys_max_cmd_len=1572864
pkg_cv_ANNOTATE_CFLAGS='-I/usr/include/cairo -I/usr/include/glib-2.0 -I/usr/lib/glib-2.0/include -I/usr/include/pixman-1 -I/usr/include/freetype2 -I/usr/include/libpng16 -I/usr/include/harfbuzz -I/usr/include/freetype2 -I/usr/include/libdrm -I/usr/include/libpng16 '
pkg_cv_ANNOTATE_LIBS='-lcairo -lXext -lXrender -lX11 '
pkg_cv_COMPIZ_CFLAGS='-I/usr/include/libxml2 -I/usr/include/startup-notification-1.0 '
pkg_cv_COMPIZ_LIBS='-lX11 -lXcomposite -lXext -lXdamage -lXfixes -lXrandr -lXinerama -lICE -lSM -lxslt -lxml2 -lz -lm -ldl -lm -lxml2 -lstartup-notification-1 '
pkg_cv_DBUS_CFLAGS='-I/usr/include/dbus-1.0 -I/usr/lib/dbus-1.0/include -I/usr/include/libxml2 '
pkg_cv_DBUS_GLIB_CFLAGS='-I/usr/include/dbus-1.0 -I/usr/lib/dbus-1.0/include -I/usr/include/glib-2.0 -I/usr/lib/glib-2.0/include '
pkg_cv_DBUS_GLIB_LIBS='-ldbus-glib-1 -ldbus-1 -lgobject-2.0 -lglib-2.0 '
pkg_cv_DBUS_LIBS='-ldbus-1 -lxml2 '
pkg_cv_DECORATION_CFLAGS=
pkg_cv_DECORATION_LIBS='-lXrender -lX11 '
pkg_cv_FUSE_CFLAGS='-D_FILE_OFFSET_BITS=64 -I/usr/include/fuse '
pkg_cv_FUSE_LIBS='-lfuse -pthread '
pkg_cv_GCONF_CFLAGS='-pthread -I/usr/include/gconf/2 -I/usr/include/dbus-1.0 -I/usr/lib/dbus-1.0/include -I/usr/include/glib-2.0 -I/usr/lib/glib-2.0/include '
pkg_cv_GCONF_LIBS='-lgconf-2 -lglib-2.0 '
pkg_cv_GLIB_CFLAGS='-I/usr/include/glib-2.0 -I/usr/lib/glib-2.0/include '
pkg_cv_GLIB_LIBS='-lglib-2.0 '
pkg_cv_GTK_WINDOW_DECORATOR_CFLAGS='-pthread -I/usr/include/libwnck-1.0 -I/usr/include/startup-notification-1.0 -I/usr/include/gtk-2.0 -I/usr/lib/gtk-2.0/include -I/usr/include/atk-1.0 -I/usr/include/gdk-pixbuf-2.0 -I/usr/include/libpng16 -I/usr/include/pango-1.0 -I/usr/include/harfbuzz -I/usr/include/pango-1.0 -I/usr/include/cairo -I/usr/include/glib-2.0 -I/usr/lib/glib-2.0/include -I/usr/include/pixman-1 -I/usr/include/freetype2 -I/usr/include/libpng16 -I/usr/include/harfbuzz -I/usr/include/freetype2 -I/usr/include/libdrm -I/usr/include/libpng16 '
pkg_cv_GTK_WINDOW_DECORATOR_LIBS='-lXrender -lX11 -lwnck-1 -lgtk-x11-2.0 -lgdk-x11-2.0 -latk-1.0 -lgdk_pixbuf-2.0 -lgio-2.0 -lpangoft2-1.0 -lfontconfig -lfreetype -lpangocairo-1.0 -lpango-1.0 -lgobject-2.0 -lglib-2.0 -lcairo '
pkg_cv_LIBPNG_CFLAGS='-I/usr/include/libpng16 '
pkg_cv_LIBPNG_LIBS='-lpng16 '
pkg_cv_LIBRSVG_CFLAGS='-pthread -I/usr/include/librsvg-2.0 -I/usr/include/gdk-pixbuf-2.0 -I/usr/include/libpng16 -I/usr/include/cairo -I/usr/include/glib-2.0 -I/usr/lib/glib-2.0/include -I/usr/include/pixman-1 -I/usr/include/freetype2 -I/usr/include/libpng16 -I/usr/include/harfbuzz -I/usr/include/freetype2 -I/usr/include/libdrm -I/usr/include/libpng16 '
pkg_cv_LIBRSVG_LIBS='-lrsvg-2 -lm -lgio-2.0 -lgdk_pixbuf-2.0 -lgobject-2.0 -lglib-2.0 -lcairo '
pkg_cv_METACITY_CFLAGS='-pthread -I/usr/include/metacity -I/usr/include/gtk-3.0 -I/usr/include/at-spi2-atk/2.0 -I/usr/include/at-spi-2.0 -I/usr/include/dbus-1.0 -I/usr/lib/dbus-1.0/include -I/usr/include/gtk-3.0 -I/usr/include/gio-unix-2.0/ -I/usr/include/cairo -I/usr/include/pango-1.0 -I/usr/include/harfbuzz -I/usr/include/pango-1.0 -I/usr/include/atk-1.0 -I/usr/include/cairo -I/usr/include/pixman-1 -I/usr/include/freetype2 -I/usr/include/libpng16 -I/usr/include/harfbuzz -I/usr/include/freetype2 -I/usr/include/libdrm -I/usr/include/libpng16 -I/usr/include/gdk-pixbuf-2.0 -I/usr/include/libpng16 -I/usr/include/glib-2.0 -I/usr/lib/glib-2.0/include '
pkg_cv_METACITY_LIBS='-lmetacity-private -lgtk-3 -lgdk-3 -lpangocairo-1.0 -lpango-1.0 -latk-1.0 -lcairo-gobject -lcairo -lgdk_pixbuf-2.0 -lgio-2.0 -lgobject-2.0 -lglib-2.0 '

## ----------------- ##
## Output variables. ##
## ----------------- ##

ACLOCAL='${SHELL} /home/jqk/ProjectFiles/Remote/compiz/compiz/compiz-0.8.6-precise/missing --run aclocal-1.11'
ALL_LINGUAS='af ar bg bn bn_IN bs ca cs cy da de el en_GB en_US es eu et fi fr gl gu he hi hr hu id it ja ka km ko lo lt mk mr nb nl or pa pl pt pt_BR ro ru sk sl sr sv ta tr uk vi xh zh_CN zh_TW zu'
AMDEPBACKSLASH='\'
AMDEP_FALSE='#'
AMDEP_TRUE=''
AMTAR='${SHELL} /home/jqk/ProjectFiles/Remote/compiz/compiz/compiz-0.8.6-precise/missing --run tar'
ANNOTATE_CFLAGS='-I/usr/include/cairo -I/usr/include/glib-2.0 -I/usr/lib/glib-2.0/include -I/usr/include/pixman-1 -I/usr/include/freetype2 -I/usr/include/libpng16 -I/usr/include/harfbuzz -I/usr/include/freetype2 -I/usr/include/libdrm -I/usr/include/libpng16 '
ANNOTATE_LIBS='-lcairo -lXext -lXrender -lX11 '
ANNOTATE_PLUGIN_FALSE='#'
ANNOTATE_PLUGIN_TRUE=''
AR='ar'
AUTOCONF='${SHELL} /home/jqk/ProjectFiles/Remote/compiz/compiz/compiz-0.8.6-precise/missing --run autoconf'
AUTOHEADER='${SHELL} /home/jqk/ProjectFiles/Remote/compiz/compiz/compiz-0.8.6-precise/missing --run autoheader'
AUTOMAKE='${SHELL} /home/jqk/ProjectFiles/Remote/compiz/compiz/compiz-0.8.6-precise/missing --run automake-1.11'
AWK='gawk'
CATALOGS=' af.gmo ar.gmo bg.gmo bn.gmo bn_IN.gmo bs.gmo ca.gmo cs.gmo cy.gmo da.gmo de.gmo el.gmo en_GB.gmo en_US.gmo es.gmo eu.gmo et.gmo fi.gmo fr.gmo gl.gmo gu.gmo he.gmo hi.gmo hr.gmo hu.gmo id.gmo it.gmo ja.gmo ka.gmo km.gmo ko.gmo lo.gmo lt.gmo mk.gmo mr.gmo nb.gmo nl.gmo or.gmo pa.gmo pl.gmo pt.gmo pt_BR.gmo ro.gmo ru.gmo sk.gmo sl.gmo sr.gmo sv.gmo ta.gmo tr.gmo uk.gmo vi.gmo xh.gmo zh_CN.gmo zh_TW.gmo zu.gmo'
CATOBJEXT='.gmo'
CC='gcc'
CCDEPMODE='depmode=gcc3'
CFLAGS='-g -O2 -Wall -Wpointer-arith -Wstrict-prototypes -Wmissing-prototypes -Wmissing-declarations -Wnested-externs -D_FORTIFY_SOURCE=2'
COMPIZ_CFLAGS='-I/usr/include/libxml2 -I/usr/include/startup-notification-1.0 '
COMPIZ_LIBS='-lX11 -lXcomposite -lXext -lXdamage -lXfixes -lXrandr -lXinerama -lICE -lSM -lxslt -lxml2 -lz -lm -ldl -lm -lxml2 -lstartup-notification-1 '
COMPIZ_REQUIRES='x11        		 xcomposite 		 xext       		 xfixes	    		 xdamage    		 xrandr	    		 xinerama   		 ice	    		 sm	    		 libxml-2.0 		 libxslt    		 libstartup-notification-1.0 >= 0.7'
COMPIZ_VERSION_MAJOR='0'
COMPIZ_VERSION_MICRO='6'
COMPIZ_VERSION_MINOR='8'
CPP='gcc -E'
CPPFLAGS=''
CXX='g++'
CXXCPP='g++ -E'
CXXDEPMODE='depmode=gcc3'
CXXFLAGS='-g -O2 -Wall -D_FORTIFY_SOURCE=2'
CYGPATH_W='echo'
DATADIRNAME='share'
DBUS_CFLAGS='-I/usr/include/dbus-1.0 -I/usr/lib/dbus-1.0/include -I/usr/include/libxml2 '
DBUS_GLIB_CFLAGS='-I/usr/include/dbus-1.0 -I/usr/lib/dbus-1.0/include -I/usr/include/glib-2.0 -I/usr/lib/glib-2.0/include '
DBUS_GLIB_LIBS='-ldbus-glib-1 -ldbus-1 -lgobject-2.0 -lglib-2.0 '
DBUS_LIBS='-ldbus-1 -lxml2 '
DBUS_PLUGIN_FALSE='#'
DBUS_PLUGIN_TRUE=''
DCOPIDL2CPP=''
DCOPIDL=''
DECORATION_CFLAGS=''
DECORATION_LIBS='-lXrender -lX11 '
DECORATION_REQUIRES='xrender'
DEFS='-DHAVE_CONFIG_H'
DEPDIR='.deps'
DSYMUTIL=''
DUMPBIN=''
ECHO_C=''
ECHO_N='-n'
ECHO_T=''
EGREP='/usr/bin/grep -E'
EXEEXT=''
FGREP='/usr/bin/grep -F'
FUSE_CFLAGS='-D_FILE_OFFSET_BITS=64 -I/usr/include/fuse '
FUSE_LIBS='-lfuse -pthread '
FUSE_PLUGIN_FALSE='#'
FUSE_PLUGIN_TRUE=''
GCONFTOOL='/usr/bin/gconftool-2'
GCONF_CFLAGS='-pthread -I/usr/include/gconf/2 -I/usr/include/dbus-1.0 -I/usr/lib/dbus-1.0/include -I/usr/include/glib-2.0 -I/usr/lib/glib-2.0/include '
GCONF_LIBS='-lgconf-2 -lglib-2.0 '
GCONF_SCHEMAS_INSTALL_FALSE='#'
GCONF_SCHEMAS_INSTALL_TRUE=''
GCONF_SCHEMA_CONFIG_SOURCE='xml:merged:/etc/gconf/gconf.xml.defaults'
GCONF_SCHEMA_FILE_DIR='$(sysconfdir)/gconf/schemas'
GETTEXT_PACKAGE='compiz'
GLIB_CFLAGS='-I/usr/include/glib-2.0 -I/usr/lib/glib-2.0/include '
GLIB_LIBS='-lglib-2.0 '
GL_CFLAGS=''
GL_LIBS='-lGL'
GMOFILES=' af.gmo ar.gmo bg.gmo bn.gmo bn_IN.gmo bs.gmo ca.gmo cs.gmo cy.gmo da.gmo de.gmo el.gmo en_GB.gmo en_US.gmo es.gmo eu.gmo et.gmo fi.gmo fr.gmo gl.gmo gu.gmo he.gmo hi.gmo hr.gmo hu.gmo id.gmo it.gmo ja.gmo ka.gmo km.gmo ko.gmo lo.gmo lt.gmo mk.gmo mr.gmo nb.gmo nl.gmo or.gmo pa.gmo pl.gmo pt.gmo pt_BR.gmo ro.gmo ru.gmo sk.gmo sl.gmo sr.gmo sv.gmo ta.gmo tr.gmo uk.gmo vi.gmo xh.gmo zh_CN.gmo zh_TW.gmo zu.gmo'
GMSGFMT='/usr/bin/msgfmt'
GNOME_KEY_BINDINGS_CFLAGS=''
GNOME_KEY_BINDINGS_LIBS=''
GNOME_WINDOW_SETTINGS_CFLAGS=''
GNOME_WINDOW_SETTINGS_LIBS=''
GREP='/usr/bin/grep'
GTK_WINDOW_DECORATOR_CFLAGS='-pthread -I/usr/include/libwnck-1.0 -I/usr/include/startup-notification-1.0 -I/usr/include/gtk-2.0 -I/usr/lib/gtk-2.0/include -I/usr/include/atk-1.0 -I/usr/include/gdk-pixbuf-2.0 -I/usr/include/libpng16 -I/usr/include/pango-1.0 -I/usr/include/harfbuzz -I/usr/include/pango-1.0 -I/usr/include/cairo -I/usr/include/glib-2.0 -I/usr/lib/glib-2.0/include -I/usr/include/pixman-1 -I/usr/include/freetype2 -I/usr/include/libpng16 -I/usr/include/harfbuzz -I/usr/include/freetype2 -I/usr/include/libdrm -I/usr/include/libpng16 '
GTK_WINDOW_DECORATOR_LIBS='-lXrender -lX11 -lwnck-1 -lgtk-x11-2.0 -lgdk-x11-2.0 -latk-1.0 -lgdk_pixbuf-2.0 -lgio-2.0 -lpangoft2-1.0 -lfontconfig -lfreetype -lpangocairo-1.0 -lpango-1.0 -lgobject-2.0 -lglib-2.0 -lcairo '
INOTIFY_PLUGIN_FALSE='#'
INOTIFY_PLUGIN_TRUE=''
INSTALL_DATA='${INSTALL} -m 644'
INSTALL_PROGRAM='${INSTALL}'
INSTALL_SCRIPT='${INSTALL}'
INSTALL_STRIP_PROGRAM='$(install_sh) -c -s'
INSTOBJEXT='.mo'
INTLLIBS=''
INTLTOOL_CAVES_RULE='%.caves:     %.caves.in     $(INTLTOOL_MERGE) $(wildcard $(top_srcdir)/po/*.po) ; LC_ALL=C $(INTLTOOL_MERGE) -d -u -c $(top_builddir)/po/.intltool-merge-cache $(top_srcdir)/po $< $@'
INTLTOOL_DESKTOP_RULE='%.desktop:   %.desktop.in   $(INTLTOOL_MERGE) $(wildcard $(top_srcdir)/po/*.po) ; LC_ALL=C $(INTLTOOL_MERGE) -d -u -c $(top_builddir)/po/.intltool-merge-cache $(top_srcdir)/po $< $@'
INTLTOOL_DIRECTORY_RULE='%.directory: %.directory.in $(INTLTOOL_MERGE) $(wildcard $(top_srcdir)/po/*.po) ; LC_ALL=C $(INTLTOOL_MERGE) -d -u -c $(top_builddir)/po/.intltool-merge-cache $(top_srcdir)/po $< $@'
INTLTOOL_EXTRACT='/usr/bin/intltool-extract'
INTLTOOL_KBD_RULE='%.kbd:       %.kbd.in       $(INTLTOOL_MERGE) $(wildcard $(top_srcdir)/po/*.po) ; LC_ALL=C $(INTLTOOL_MERGE) -x -u -m -c $(top_builddir)/po/.intltool-merge-cache $(top_srcdir)/po $< $@'
INTLTOOL_KEYS_RULE='%.keys:      %.keys.in      $(INTLTOOL_MERGE) $(wildcard $(top_srcdir)/po/*.po) ; LC_ALL=C $(INTLTOOL_MERGE) -k -u -c $(top_builddir)/po/.intltool-merge-cache $(top_srcdir)/po $< $@'
INTLTOOL_MERGE='/usr/bin/intltool-merge'
INTLTOOL_OAF_RULE='%.oaf:       %.oaf.in       $(INTLTOOL_MERGE) $(wildcard $(top_srcdir)/po/*.po) ; LC_ALL=C $(INTLTOOL_MERGE) -o -p $(top_srcdir)/po $< $@'
INTLTOOL_PERL='/usr/bin/perl'
INTLTOOL_POLICY_RULE='%.policy:    %.policy.in    $(INTLTOOL_MERGE) $(wildcard $(top_srcdir)/po/*.po) ; LC_ALL=C $(INTLTOOL_MERGE) -x -u -c $(top_builddir)/po/.intltool-merge-cache $(top_srcdir)/po $< $@'
INTLTOOL_PONG_RULE='%.pong:      %.pong.in      $(INTLTOOL_MERGE) $(wildcard $(top_srcdir)/po/*.po) ; LC_ALL=C $(INTLTOOL_MERGE) -x -u -c $(top_builddir)/po/.intltool-merge-cache $(top_srcdir)/po $< $@'
INTLTOOL_PROP_RULE='%.prop:      %.prop.in      $(INTLTOOL_MERGE) $(wildcard $(top_srcdir)/po/*.po) ; LC_ALL=C $(INTLTOOL_MERGE) -d -u -c $(top_builddir)/po/.intltool-merge-cache $(top_srcdir)/po $< $@'
INTLTOOL_SCHEMAS_RULE='%.schemas:   %.schemas.in   $(INTLTOOL_MERGE) $(wildcard $(top_srcdir)/po/*.po) ; LC_ALL=C $(INTLTOOL_MERGE) -s -u -c $(top_builddir)/po/.intltool-merge-cache $(top_srcdir)/po $< $@'
INTLTOOL_SERVER_RULE='%.server:    %.server.in    $(INTLTOOL_MERGE) $(wildcard $(top_srcdir)/po/*.po) ; LC_ALL=C $(INTLTOOL_MERGE) -o -u -c $(top_builddir)/po/.intltool-merge-cache $(top_srcdir)/po $< $@'
INTLTOOL_SERVICE_RULE='%.service: %.service.in   $(INTLTOOL_MERGE) $(wildcard $(top_srcdir)/po/*.po) ; LC_ALL=C $(INTLTOOL_MERGE) -d -u -c $(top_builddir)/po/.intltool-merge-cache $(top_srcdir)/po $< $@'
INTLTOOL_SHEET_RULE='%.sheet:     %.sheet.in     $(INTLTOOL_MERGE) $(wildcard $(top_srcdir)/po/*.po) ; LC_ALL=C $(INTLTOOL_MERGE) -x -u -c $(top_builddir)/po/.intltool-merge-cache $(top_srcdir)/po $< $@'
INTLTOOL_SOUNDLIST_RULE='%.soundlist: %.soundlist.in $(INTLTOOL_MERGE) $(wildcard $(top_srcdir)/po/*.po) ; LC_ALL=C $(INTLTOOL_MERGE) -d -u -c $(top_builddir)/po/.intltool-merge-cache $(top_srcdir)/po $< $@'
INTLTOOL_THEME_RULE='%.theme:     %.theme.in     $(INTLTOOL_MERGE) $(wildcard $(top_srcdir)/po/*.po) ; LC_ALL=C $(INTLTOOL_MERGE) -d -u -c $(top_builddir)/po/.intltool-merge-cache $(top_srcdir)/po $< $@'
INTLTOOL_UI_RULE='%.ui:        %.ui.in        $(INTLTOOL_MERGE) $(wildcard $(top_srcdir)/po/*.po) ; LC_ALL=C $(INTLTOOL_MERGE) -x -u -c $(top_builddir)/po/.intltool-merge-cache $(top_srcdir)/po $< $@'
INTLTOOL_UPDATE='/usr/bin/intltool-update'
INTLTOOL_XAM_RULE='%.xam:       %.xml.in       $(INTLTOOL_MERGE) $(wildcard $(top_srcdir)/po/*.po) ; LC_ALL=C $(INTLTOOL_MERGE) -x -u -c $(top_builddir)/po/.intltool-merge-cache $(top_srcdir)/po $< $@'
INTLTOOL_XML_NOMERGE_RULE='%.xml:       %.xml.in       $(INTLTOOL_MERGE) ; LC_ALL=C $(INTLTOOL_MERGE) -x -u /tmp $< $@'
INTLTOOL_XML_RULE='%.xml:       %.xml.in       $(INTLTOOL_MERGE) $(wildcard $(top_srcdir)/po/*.po) ; LC_ALL=C $(INTLTOOL_MERGE) -x -u -c $(top_builddir)/po/.intltool-merge-cache $(top_srcdir)/po $< $@'
KCONFIG_CFLAGS=''
KCONFIG_LIBS=''
KDE4_CFLAGS=''
KDE4_LIBS=''
KDE4_WINDOW_DECORATOR_CFLAGS=''
KDE4_WINDOW_DECORATOR_LIBS=''
KDE_CFLAGS=''
KDE_KCFG_DIR=''
KDE_KCONFIG_DIR=''
KDE_LIBS=''
KDE_WINDOW_DECORATOR_CFLAGS=''
KDE_WINDOW_DECORATOR_LIBS=''
LD='/usr/bin/ld'
LDFLAGS=''
LIBOBJS=''
LIBPNG_CFLAGS='-I/usr/include/libpng16 '
LIBPNG_LIBS='-lpng16 '
LIBRSVG_CFLAGS='-pthread -I/usr/include/librsvg-2.0 -I/usr/include/gdk-pixbuf-2.0 -I/usr/include/libpng16 -I/usr/include/cairo -I/usr/include/glib-2.0 -I/usr/lib/glib-2.0/include -I/usr/include/pixman-1 -I/usr/include/freetype2 -I/usr/include/libpng16 -I/usr/include/harfbuzz -I/usr/include/freetype2 -I/usr/include/libdrm -I/usr/include/libpng16 '
LIBRSVG_LIBS='-lrsvg-2 -lm -lgio-2.0 -lgdk_pixbuf-2.0 -lgobject-2.0 -lglib-2.0 -lcairo '
LIBS=''
LIBTOOL='$(SHELL) $(top_builddir)/libtool'
LIPO=''
LN_S='ln -s'
LTLIBOBJS=''
MAINT='#'
MAINTAINER_MODE_FALSE=''
MAINTAINER_MODE_TRUE='#'
MAKEINFO='${SHELL} /home/jqk/ProjectFiles/Remote/compiz/compiz/compiz-0.8.6-precise/missing --run makeinfo'
METACITY_CFLAGS='-pthread -I/usr/include/metacity -I/usr/include/gtk-3.0 -I/usr/include/at-spi2-atk/2.0 -I/usr/include/at-spi-2.0 -I/usr/include/dbus-1.0 -I/usr/lib/dbus-1.0/include -I/usr/include/gtk-3.0 -I/usr/include/gio-unix-2.0/ -I/usr/include/cairo -I/usr/include/pango-1.0 -I/usr/include/harfbuzz -I/usr/include/pango-1.0 -I/usr/include/atk-1.0 -I/usr/include/cairo -I/usr/include/pixman-1 -I/usr/include/freetype2 -I/usr/include/libpng16 -I/usr/include/harfbuzz -I/usr/include/freetype2 -I/usr/include/libdrm -I/usr/include/libpng16 -I/usr/include/gdk-pixbuf-2.0 -I/usr/include/libpng16 -I/usr/include/glib-2.0 -I/usr/lib/glib-2.0/include '
METACITY_LIBS='-lmetacity-private -lgtk-3 -lgdk-3 -lpangocairo-1.0 -lpango-1.0 -latk-1.0 -lcairo-gobject -lcairo -lgdk_pixbuf-2.0 -lgio-2.0 -lgobject-2.0 -lglib-2.0 '
MKDIR_P='/usr/bin/mkdir -p'
MKINSTALLDIRS='./mkinstalldirs'
MSGFMT='/usr/bin/msgfmt'
MSGFMT_OPTS='-c'
MSGMERGE='/usr/bin/msgmerge'
NM='/usr/bin/nm -B'
NMEDIT=''
OBJDUMP='objdump'
OBJEXT='o'
OTOOL64=''
OTOOL=''
PACKAGE='compiz'
PACKAGE_BUGREPORT='davidr@novell.com'
PACKAGE_NAME='compiz'
PACKAGE_STRING='compiz 0.8.6'
PACKAGE_TARNAME='compiz'
PACKAGE_VERSION='0.8.6'
PATH_SEPARATOR=':'
PKG_CONFIG='/usr/bin/pkg-config'
POFILES=' af.po ar.po bg.po bn.po bn_IN.po bs.po ca.po cs.po cy.po da.po de.po el.po en_GB.po en_US.po es.po eu.po et.po fi.po fr.po gl.po gu.po he.po hi.po hr.po hu.po id.po it.po ja.po ka.po km.po ko.po lo.po lt.po mk.po mr.po nb.po nl.po or.po pa.po pl.po pt.po pt_BR.po ro.po ru.po sk.po sl.po sr.po sv.po ta.po tr.po uk.po vi.po xh.po zh_CN.po zh_TW.po zu.po'
POSUB='po'
PO_IN_DATADIR_FALSE=''
PO_IN_DATADIR_TRUE=''
QDBUSXML2CPP=''
QT4_MOC=''
QT_MOC=''
RANLIB='ranlib'
SED='/usr/bin/sed'
SET_MAKE=''
SHELL='/bin/sh'
STRIP='strip'
USE_GCONF_FALSE='#'
USE_GCONF_TRUE=''
USE_GLIB_FALSE='#'
USE_GLIB_TRUE=''
USE_GNOME_FALSE=''
USE_GNOME_KEYBINDINGS_FALSE=''
USE_GNOME_KEYBINDINGS_TRUE='#'
USE_GNOME_TRUE='#'
USE_GTK_FALSE='#'
USE_GTK_TRUE=''
USE_KCONFIG_FALSE=''
USE_KCONFIG_TRUE='#'
USE_KDE4_FALSE=''
USE_KDE4_TRUE='#'
USE_KDE_FALSE=''
USE_KDE_TRUE='#'
USE_LIBRSVG_FALSE='#'
USE_LIBRSVG_TRUE=''
USE_METACITY_FALSE='#'
USE_METACITY_TRUE=''
USE_NLS='yes'
VERSION='0.8.6'
XGETTEXT='/usr/bin/xgettext'
XSLTPROC='xsltproc'
ac_ct_CC='gcc'
ac_ct_CXX='g++'
ac_ct_DUMPBIN=''
am__EXEEXT_FALSE=''
am__EXEEXT_TRUE='#'
am__fastdepCC_FALSE='#'
am__fastdepCC_TRUE=''
am__fastdepCXX_FALSE='#'
am__fastdepCXX_TRUE=''
am__include='include'
am__isrc=''
am__leading_dot='.'
am__quote=''
am__tar='${AMTAR} chof - "$$tardir"'
am__untar='${AMTAR} xf -'
bindir='${exec_prefix}/bin'
build='i686-pc-linux-gnu'
build_alias=''
build_cpu='i686'
build_os='linux-gnu'
build_vendor='pc'
datadir='${datarootdir}'
datarootdir='${prefix}/share'
default_plugins=''
docdir='${datarootdir}/doc/${PACKAGE_TARNAME}'
dvidir='${docdir}'
exec_prefix='${prefix}'
host='i686-pc-linux-gnu'
host_alias=''
host_cpu='i686'
host_os='linux-gnu'
host_vendor='pc'
htmldir='${docdir}'
imagedir='${datarootdir}/compiz'
includedir='${prefix}/include'
infodir='${datarootdir}/info'
install_sh='${SHELL} /home/jqk/ProjectFiles/Remote/compiz/compiz/compiz-0.8.6-precise/install-sh'
kcfgdir=''
keybindingsdir=''
libdir='${exec_prefix}/lib'
libexecdir='${exec_prefix}/libexec'
localedir='${datarootdir}/locale'
localstatedir='${prefix}/var'
lt_ECHO='echo'
mandir='${datarootdir}/man'
metadatadir='${datarootdir}/compiz'
mkdir_p='/usr/bin/mkdir -p'
oldincludedir='/usr/include'
pdfdir='${docdir}'
plugindir='${exec_prefix}/lib/compiz'
prefix='/usr/local'
program_transform_name='s,x,x,'
psdir='${docdir}'
sbindir='${exec_prefix}/sbin'
sharedstatedir='${prefix}/com'
stylesheetdir='${datarootdir}/compiz'
sysconfdir='${prefix}/etc'
target_alias=''
windowsettingsdatadir='/share'
windowsettingslibdir=''

## ----------- ##
## confdefs.h. ##
## ----------- ##

#define PACKAGE_NAME "compiz"
#define PACKAGE_TARNAME "compiz"
#define PACKAGE_VERSION "0.8.6"
#define PACKAGE_STRING "compiz 0.8.6"
#define PACKAGE_BUGREPORT "davidr@novell.com"
#define PACKAGE "compiz"
#define VERSION "0.8.6"
#define DECOR_INTERFACE_VERSION 20080529
#define STDC_HEADERS 1
#define HAVE_SYS_TYPES_H 1
#define HAVE_SYS_STAT_H 1
#define HAVE_STDLIB_H 1
#define HAVE_STRING_H 1
#define HAVE_MEMORY_H 1
#define HAVE_STRINGS_H 1
#define HAVE_INTTYPES_H 1
#define HAVE_STDINT_H 1
#define HAVE_UNISTD_H 1
#define HAVE_DLFCN_H 1
#define LT_OBJDIR ".libs/"
#define STDC_HEADERS 1
#define HAVE_STDLIB_H 1
#define HAVE_SYS_TIME_H 1
#define HAVE_UNISTD_H 1
#define HAVE_LOCALE_H 1
#define HAVE_LC_MESSAGES 1
#define HAVE_BIND_TEXTDOMAIN_CODESET 1
#define HAVE_GETTEXT 1
#define HAVE_DCGETTEXT 1
#define ENABLE_NLS 1
#define GETTEXT_PACKAGE "compiz"
#define HAVE_XRENDER_0_9_3 1
#define USE_GLIB 1
#define USE_GCONF 1
#define USE_DBUS 1
#define USE_DBUS_GLIB 1
#define HAVE_SYS_INOTIFY_H 1
#define USE_INOTIFY 1
#define USE_FUSE 1
#define USE_ANNOTATE 1
#define USE_LIBRSVG 1
#define HAVE_WNCK_WINDOW_HAS_NAME 1
#define USE_GTK 1
#define HAVE_LIBWNCK_2_18_1 1
#define HAVE_LIBWNCK_2_19_4 1
#define USE_METACITY 1
#define HAVE_METACITY_2_15_21 1
#define HAVE_METACITY_2_17_0 1
#define HAVE_METACITY_2_23_2 1
#define MAX_DESKTOPS 36

configure: exit 0
